
*** Running vivado
    with args -log top.vds -m64 -product Vivado -mode batch -messageDb vivado.pb -notrace -source top.tcl



****** Vivado v2020.1 (64-bit)
  **** SW Build 2902540 on Wed May 27 19:54:49 MDT 2020
  **** IP Build 2902112 on Wed May 27 22:43:36 MDT 2020
    ** Copyright 1986-2020 Xilinx, Inc. All Rights Reserved.

source top.tcl -notrace
Command: synth_design -top top -part xc7a50ticsg324-1L
Starting synth_design
Attempting to get a license for feature 'Synthesis' and/or device 'xc7a50ti'
INFO: [Common 17-349] Got license for feature 'Synthesis' and/or device 'xc7a50ti'
INFO: [Device 21-403] Loading part xc7a50ticsg324-1L
INFO: [Synth 8-7079] Multithreading enabled for synth_design using a maximum of 2 processes.
INFO: [Synth 8-7078] Launching helper process for spawning children vivado processes
INFO: [Synth 8-7075] Helper process launched with PID 1672
---------------------------------------------------------------------------------
Starting RTL Elaboration : Time (s): cpu = 00:00:04 ; elapsed = 00:00:04 . Memory (MB): peak = 1023.031 ; gain = 0.000
---------------------------------------------------------------------------------
ERROR: [Synth 8-2715] syntax error near reset [D:/Documents/xvanek41/de1/labs/06-counter/counter/counter.srcs/sources_1/new/top.vhd:68]
ERROR: [Synth 8-2029] formal clk has no actual or default value [D:/Documents/xvanek41/de1/labs/06-counter/counter/counter.srcs/sources_1/new/top.vhd:62]
INFO: [Synth 8-994] clk is declared here [D:/Documents/xvanek41/de1/labs/06-counter/counter/counter.srcs/sources_1/new/clock_enable.vhd:27]
INFO: [Synth 8-994] reset is declared here [D:/Documents/xvanek41/de1/labs/06-counter/counter/counter.srcs/sources_1/new/clock_enable.vhd:28]
ERROR: [Synth 8-2715] syntax error near : [D:/Documents/xvanek41/de1/labs/06-counter/counter/counter.srcs/sources_1/new/top.vhd:76]
ERROR: [Synth 8-2029] formal clk has no actual or default value [D:/Documents/xvanek41/de1/labs/06-counter/counter/counter.srcs/sources_1/new/top.vhd:74]
INFO: [Synth 8-994] clk is declared here [D:/Documents/xvanek41/de1/labs/06-counter/counter/counter.srcs/sources_1/new/cnt_up_down.vhd:24]
INFO: [Synth 8-994] reset is declared here [D:/Documents/xvanek41/de1/labs/06-counter/counter/counter.srcs/sources_1/new/cnt_up_down.vhd:25]
INFO: [Synth 8-994] en_i is declared here [D:/Documents/xvanek41/de1/labs/06-counter/counter/counter.srcs/sources_1/new/cnt_up_down.vhd:26]
INFO: [Synth 8-994] cnt_up_i is declared here [D:/Documents/xvanek41/de1/labs/06-counter/counter/counter.srcs/sources_1/new/cnt_up_down.vhd:27]
ERROR: [Synth 8-1031] cnt_up_down is not declared [D:/Documents/xvanek41/de1/labs/06-counter/counter/counter.srcs/sources_1/new/top.vhd:85]
INFO: [Synth 8-2810] unit behavioral ignored due to previous errors [D:/Documents/xvanek41/de1/labs/06-counter/counter/counter.srcs/sources_1/new/top.vhd:51]
---------------------------------------------------------------------------------
Finished RTL Elaboration : Time (s): cpu = 00:00:04 ; elapsed = 00:00:05 . Memory (MB): peak = 1023.031 ; gain = 0.000
---------------------------------------------------------------------------------
RTL Elaboration failed
INFO: [Common 17-83] Releasing license: Synthesis
13 Infos, 0 Warnings, 0 Critical Warnings and 6 Errors encountered.
synth_design failed
ERROR: [Common 17-69] Command failed: Synthesis failed - please see the console or run log file for details
INFO: [Common 17-206] Exiting Vivado at Wed Mar 23 14:24:28 2022...
