#-----------------------------------------------------------
# Vivado v2021.2 (64-bit)
# SW Build 3367213 on Tue Oct 19 02:48:09 MDT 2021
# IP Build 3369179 on Thu Oct 21 08:25:16 MDT 2021
# Start of session at: Sat Apr 23 13:01:16 2022
# Process ID: 15768
# Current directory: C:/diel1/de1/Labs/Project/vhdl_alarm_clock
# Command line: vivado.exe -gui_launcher_event rodinguilauncherevent18800 C:\diel1\de1\Labs\Project\vhdl_alarm_clock\vhdl_alarm_clock.xpr
# Log file: C:/diel1/de1/Labs/Project/vhdl_alarm_clock/vivado.log
# Journal file: C:/diel1/de1/Labs/Project/vhdl_alarm_clock\vivado.jou
# Running On: LAPTOP-9IM6L6CH, OS: Windows, CPU Frequency: 2592 MHz, CPU Physical cores: 6, Host memory: 16954 MB
#-----------------------------------------------------------
start_gui
open_project C:/diel1/de1/Labs/Project/vhdl_alarm_clock/vhdl_alarm_clock.xpr
WARNING: [Board 49-26] cannot add Board Part xilinx.com:vck190_es:part0:1.3 available at C:/Xilinx/Vivado/2021.2/data/xhub/boards/XilinxBoardStore/boards/Xilinx/vck190/es/1.3/board.xml as part xcvc1902-vsva2197-2mp-e-s-es1 specified in board_part file is either invalid or not available
WARNING: [Board 49-26] cannot add Board Part xilinx.com:vmk180_es:part0:1.3 available at C:/Xilinx/Vivado/2021.2/data/xhub/boards/XilinxBoardStore/boards/Xilinx/vmk180/es/1.3/board.xml as part xcvm1802-vsva2197-2mp-e-s-es1 specified in board_part file is either invalid or not available
WARNING: [Board 49-26] cannot add Board Part xilinx.com:vpk120_es:part0:1.2 available at C:/Xilinx/Vivado/2021.2/data/xhub/boards/XilinxBoardStore/boards/Xilinx/vpk120/es/1.2/board.xml as part xcvp1202-vsva2785-2mp-e-s-es1 specified in board_part file is either invalid or not available
WARNING: [Board 49-26] cannot add Board Part xilinx.com:zcu208_es:part0:1.0 available at C:/Xilinx/Vivado/2021.2/data/xhub/boards/XilinxBoardStore/boards/Xilinx/zcu208/es/1.0/board.xml as part xczu48dr-fsvg1517-2-e-es1 specified in board_part file is either invalid or not available
WARNING: [Board 49-26] cannot add Board Part xilinx.com:zcu208_es:part0:1.1 available at C:/Xilinx/Vivado/2021.2/data/xhub/boards/XilinxBoardStore/boards/Xilinx/zcu208/es/1.1/board.xml as part xczu48dr-fsvg1517-2-e-es1 specified in board_part file is either invalid or not available
WARNING: [Board 49-26] cannot add Board Part xilinx.com:zcu208_es:part0:1.2 available at C:/Xilinx/Vivado/2021.2/data/xhub/boards/XilinxBoardStore/boards/Xilinx/zcu208/es/1.2/board.xml as part xczu48dr-fsvg1517-2-e-es1 specified in board_part file is either invalid or not available
WARNING: [Board 49-26] cannot add Board Part xilinx.com:zcu208ld:part0:2.0 available at C:/Xilinx/Vivado/2021.2/data/xhub/boards/XilinxBoardStore/boards/Xilinx/zcu208ld/production/2.0/board.xml as part xczu58dr-fsvg1517-2-i specified in board_part file is either invalid or not available
WARNING: [Board 49-26] cannot add Board Part xilinx.com:zcu208ld_es:part0:1.0 available at C:/Xilinx/Vivado/2021.2/data/xhub/boards/XilinxBoardStore/boards/Xilinx/zcu208ld/es/1.0/board.xml as part xczu58dr-fsvg1517-2-i-es1 specified in board_part file is either invalid or not available
WARNING: [Board 49-26] cannot add Board Part xilinx.com:zcu216_es:part0:1.0 available at C:/Xilinx/Vivado/2021.2/data/xhub/boards/XilinxBoardStore/boards/Xilinx/zcu216/es/1.0/board.xml as part xczu49dr-ffvf1760-2-e-es1 specified in board_part file is either invalid or not available
WARNING: [Board 49-26] cannot add Board Part xilinx.com:zcu216_es:part0:1.1 available at C:/Xilinx/Vivado/2021.2/data/xhub/boards/XilinxBoardStore/boards/Xilinx/zcu216/es/1.1/board.xml as part xczu49dr-ffvf1760-2-e-es1 specified in board_part file is either invalid or not available
WARNING: [Board 49-26] cannot add Board Part xilinx.com:zcu216_es:part0:1.2 available at C:/Xilinx/Vivado/2021.2/data/xhub/boards/XilinxBoardStore/boards/Xilinx/zcu216/es/1.2/board.xml as part xczu49dr-ffvf1760-2-e-es1 specified in board_part file is either invalid or not available
WARNING: [Board 49-26] cannot add Board Part xilinx.com:zcu216ld:part0:2.0 available at C:/Xilinx/Vivado/2021.2/data/xhub/boards/XilinxBoardStore/boards/Xilinx/zcu216ld/production/2.0/board.xml as part xczu59dr-ffvf1760-2-i specified in board_part file is either invalid or not available
WARNING: [Board 49-26] cannot add Board Part xilinx.com:zcu216ld_es:part0:1.0 available at C:/Xilinx/Vivado/2021.2/data/xhub/boards/XilinxBoardStore/boards/Xilinx/zcu216ld/es/1.0/board.xml as part xczu59dr-ffvf1760-2-i-es1 specified in board_part file is either invalid or not available
WARNING: [Board 49-26] cannot add Board Part xilinx.com:zcu670:part0:1.0 available at C:/Xilinx/Vivado/2021.2/data/xhub/boards/XilinxBoardStore/boards/Xilinx/zcu670/1.0/board.xml as part xczu67dr-fsve1156-2-i specified in board_part file is either invalid or not available
INFO: [Project 1-313] Project file moved from 'C:/Users/petrv/OneDrive/Plocha/vhdl_alarm_clock' since last save.
INFO: [filemgmt 56-1] Board Part Repository Path: Directory not found as 'C:/diel1/de1/AppData/Roaming/Xilinx/Vivado/2021.2/xhub/board_store/xilinx_board_store'; using path 'C:/Users/petrv/AppData/Roaming/Xilinx/Vivado/2021.2/xhub/board_store/xilinx_board_store' instead.
INFO: [filemgmt 56-2] Default IP Output Path : Could not find the directory 'C:/diel1/de1/Labs/Project/vhdl_alarm_clock/vhdl_alarm_clock.gen/sources_1', nor could it be found using path 'C:/Users/petrv/OneDrive/Plocha/vhdl_alarm_clock/vhdl_alarm_clock.gen/sources_1'.
WARNING: [Project 1-312] File not found as 'C:/diel1/de1/Labs/Project/VHDL-Alarm-Clock-main/Alarm_Clock.srcs/sources_1/new/clk_divider.vhd'; using path 'C:/Users/petrv/OneDrive/Plocha/VHDL-Alarm-Clock-main/Alarm_Clock.srcs/sources_1/new/clk_divider.vhd' instead.
WARNING: [Project 1-312] File not found as 'C:/diel1/de1/Labs/Project/VHDL-Alarm-Clock-main/Alarm_Clock.srcs/sources_1/new/run_clock.vhd'; using path 'C:/Users/petrv/OneDrive/Plocha/VHDL-Alarm-Clock-main/Alarm_Clock.srcs/sources_1/new/run_clock.vhd' instead.
WARNING: [Project 1-312] File not found as 'C:/diel1/de1/Labs/Project/VHDL-Alarm-Clock-main/Alarm_Clock.srcs/sources_1/new/set_clock.vhd'; using path 'C:/Users/petrv/OneDrive/Plocha/VHDL-Alarm-Clock-main/Alarm_Clock.srcs/sources_1/new/set_clock.vhd' instead.
WARNING: [Project 1-312] File not found as 'C:/diel1/de1/Labs/Project/VHDL-Alarm-Clock-main/Alarm_Clock.srcs/sources_1/new/set_alarm.vhd'; using path 'C:/Users/petrv/OneDrive/Plocha/VHDL-Alarm-Clock-main/Alarm_Clock.srcs/sources_1/new/set_alarm.vhd' instead.
WARNING: [Project 1-312] File not found as 'C:/diel1/de1/Labs/Project/VHDL-Alarm-Clock-main/Alarm_Clock.srcs/sources_1/new/segment_driver.vhd'; using path 'C:/Users/petrv/OneDrive/Plocha/VHDL-Alarm-Clock-main/Alarm_Clock.srcs/sources_1/new/segment_driver.vhd' instead.
WARNING: [Project 1-312] File not found as 'C:/diel1/de1/Labs/Project/VHDL-Alarm-Clock-main/Alarm_Clock.srcs/sources_1/new/btn_debouncer.vhd'; using path 'C:/Users/petrv/OneDrive/Plocha/VHDL-Alarm-Clock-main/Alarm_Clock.srcs/sources_1/new/btn_debouncer.vhd' instead.
WARNING: [Project 1-312] File not found as 'C:/diel1/de1/Labs/Project/VHDL-Alarm-Clock-main/Alarm_Clock.srcs/sources_1/new/Alarm.vhd'; using path 'C:/Users/petrv/OneDrive/Plocha/VHDL-Alarm-Clock-main/Alarm_Clock.srcs/sources_1/new/Alarm.vhd' instead.
WARNING: [Project 1-312] File not found as 'C:/diel1/de1/Labs/Project/VHDL-Alarm-Clock-main/Alarm_Clock.srcs/sources_1/new/segment_decoder.vhd'; using path 'C:/Users/petrv/OneDrive/Plocha/VHDL-Alarm-Clock-main/Alarm_Clock.srcs/sources_1/new/segment_decoder.vhd' instead.
WARNING: [Project 1-312] File not found as 'C:/diel1/de1/Labs/Project/VHDL-Alarm-Clock-main/Alarm_Clock.srcs/sources_1/new/segment_divider.vhd'; using path 'C:/Users/petrv/OneDrive/Plocha/VHDL-Alarm-Clock-main/Alarm_Clock.srcs/sources_1/new/segment_divider.vhd' instead.
Scanning sources...
Finished scanning sources
WARNING: [Project 1-312] File not found as 'C:/diel1/de1/Labs/Project/VHDL-Alarm-Clock-main/Alarm_Clock.srcs/sources_1/new/clk_divider.vhd'; using path 'C:/Users/petrv/OneDrive/Plocha/VHDL-Alarm-Clock-main/Alarm_Clock.srcs/sources_1/new/clk_divider.vhd' instead.
WARNING: [Project 1-312] File not found as 'C:/diel1/de1/Labs/Project/VHDL-Alarm-Clock-main/Alarm_Clock.srcs/sources_1/new/run_clock.vhd'; using path 'C:/Users/petrv/OneDrive/Plocha/VHDL-Alarm-Clock-main/Alarm_Clock.srcs/sources_1/new/run_clock.vhd' instead.
WARNING: [Project 1-312] File not found as 'C:/diel1/de1/Labs/Project/VHDL-Alarm-Clock-main/Alarm_Clock.srcs/sources_1/new/set_clock.vhd'; using path 'C:/Users/petrv/OneDrive/Plocha/VHDL-Alarm-Clock-main/Alarm_Clock.srcs/sources_1/new/set_clock.vhd' instead.
WARNING: [Project 1-312] File not found as 'C:/diel1/de1/Labs/Project/VHDL-Alarm-Clock-main/Alarm_Clock.srcs/sources_1/new/set_alarm.vhd'; using path 'C:/Users/petrv/OneDrive/Plocha/VHDL-Alarm-Clock-main/Alarm_Clock.srcs/sources_1/new/set_alarm.vhd' instead.
WARNING: [Project 1-312] File not found as 'C:/diel1/de1/Labs/Project/VHDL-Alarm-Clock-main/Alarm_Clock.srcs/sources_1/new/segment_driver.vhd'; using path 'C:/Users/petrv/OneDrive/Plocha/VHDL-Alarm-Clock-main/Alarm_Clock.srcs/sources_1/new/segment_driver.vhd' instead.
WARNING: [Project 1-312] File not found as 'C:/diel1/de1/Labs/Project/VHDL-Alarm-Clock-main/Alarm_Clock.srcs/sources_1/new/btn_debouncer.vhd'; using path 'C:/Users/petrv/OneDrive/Plocha/VHDL-Alarm-Clock-main/Alarm_Clock.srcs/sources_1/new/btn_debouncer.vhd' instead.
WARNING: [Project 1-312] File not found as 'C:/diel1/de1/Labs/Project/VHDL-Alarm-Clock-main/Alarm_Clock.srcs/sources_1/new/Alarm.vhd'; using path 'C:/Users/petrv/OneDrive/Plocha/VHDL-Alarm-Clock-main/Alarm_Clock.srcs/sources_1/new/Alarm.vhd' instead.
WARNING: [Project 1-312] File not found as 'C:/diel1/de1/Labs/Project/VHDL-Alarm-Clock-main/Alarm_Clock.srcs/sources_1/new/segment_decoder.vhd'; using path 'C:/Users/petrv/OneDrive/Plocha/VHDL-Alarm-Clock-main/Alarm_Clock.srcs/sources_1/new/segment_decoder.vhd' instead.
WARNING: [Project 1-312] File not found as 'C:/diel1/de1/Labs/Project/VHDL-Alarm-Clock-main/Alarm_Clock.srcs/sources_1/new/segment_divider.vhd'; using path 'C:/Users/petrv/OneDrive/Plocha/VHDL-Alarm-Clock-main/Alarm_Clock.srcs/sources_1/new/segment_divider.vhd' instead.
WARNING: [Project 1-312] File not found as 'C:/diel1/de1/Labs/Project/VHDL-Alarm-Clock-main/Alarm_Clock.srcs/sources_1/new/clk_divider.vhd'; using path 'C:/Users/petrv/OneDrive/Plocha/VHDL-Alarm-Clock-main/Alarm_Clock.srcs/sources_1/new/clk_divider.vhd' instead.
WARNING: [Project 1-312] File not found as 'C:/diel1/de1/Labs/Project/VHDL-Alarm-Clock-main/Alarm_Clock.srcs/sources_1/new/run_clock.vhd'; using path 'C:/Users/petrv/OneDrive/Plocha/VHDL-Alarm-Clock-main/Alarm_Clock.srcs/sources_1/new/run_clock.vhd' instead.
WARNING: [Project 1-312] File not found as 'C:/diel1/de1/Labs/Project/VHDL-Alarm-Clock-main/Alarm_Clock.srcs/sources_1/new/set_clock.vhd'; using path 'C:/Users/petrv/OneDrive/Plocha/VHDL-Alarm-Clock-main/Alarm_Clock.srcs/sources_1/new/set_clock.vhd' instead.
WARNING: [Project 1-312] File not found as 'C:/diel1/de1/Labs/Project/VHDL-Alarm-Clock-main/Alarm_Clock.srcs/sources_1/new/set_alarm.vhd'; using path 'C:/Users/petrv/OneDrive/Plocha/VHDL-Alarm-Clock-main/Alarm_Clock.srcs/sources_1/new/set_alarm.vhd' instead.
WARNING: [Project 1-312] File not found as 'C:/diel1/de1/Labs/Project/VHDL-Alarm-Clock-main/Alarm_Clock.srcs/sources_1/new/segment_driver.vhd'; using path 'C:/Users/petrv/OneDrive/Plocha/VHDL-Alarm-Clock-main/Alarm_Clock.srcs/sources_1/new/segment_driver.vhd' instead.
WARNING: [Project 1-312] File not found as 'C:/diel1/de1/Labs/Project/VHDL-Alarm-Clock-main/Alarm_Clock.srcs/sources_1/new/btn_debouncer.vhd'; using path 'C:/Users/petrv/OneDrive/Plocha/VHDL-Alarm-Clock-main/Alarm_Clock.srcs/sources_1/new/btn_debouncer.vhd' instead.
WARNING: [Project 1-312] File not found as 'C:/diel1/de1/Labs/Project/VHDL-Alarm-Clock-main/Alarm_Clock.srcs/sources_1/new/Alarm.vhd'; using path 'C:/Users/petrv/OneDrive/Plocha/VHDL-Alarm-Clock-main/Alarm_Clock.srcs/sources_1/new/Alarm.vhd' instead.
WARNING: [Project 1-312] File not found as 'C:/diel1/de1/Labs/Project/VHDL-Alarm-Clock-main/Alarm_Clock.srcs/sources_1/new/segment_decoder.vhd'; using path 'C:/Users/petrv/OneDrive/Plocha/VHDL-Alarm-Clock-main/Alarm_Clock.srcs/sources_1/new/segment_decoder.vhd' instead.
WARNING: [Project 1-312] File not found as 'C:/diel1/de1/Labs/Project/VHDL-Alarm-Clock-main/Alarm_Clock.srcs/sources_1/new/segment_divider.vhd'; using path 'C:/Users/petrv/OneDrive/Plocha/VHDL-Alarm-Clock-main/Alarm_Clock.srcs/sources_1/new/segment_divider.vhd' instead.
INFO: [IP_Flow 19-234] Refreshing IP repositories
INFO: [IP_Flow 19-1704] No user IP repositories specified
INFO: [IP_Flow 19-2313] Loaded Vivado IP repository 'C:/Xilinx/Vivado/2021.2/data/ip'.
open_project: Time (s): cpu = 00:00:22 ; elapsed = 00:00:08 . Memory (MB): peak = 1411.918 ; gain = 0.000
update_compile_order -fileset sources_1
exit
INFO: [Common 17-206] Exiting Vivado at Sat Apr 23 13:02:34 2022...
