#-----------------------------------------------------------
# Vivado v2020.1 (64-bit)
# SW Build 2902540 on Wed May 27 19:54:49 MDT 2020
# IP Build 2902112 on Wed May 27 22:43:36 MDT 2020
# Start of session at: Wed Mar  9 13:37:59 2022
# Process ID: 5548
# Current directory: D:/Documents/display_1
# Command line: vivado.exe -gui_launcher_event rodinguilauncherevent4132 D:\Documents\display_1\display_1.xpr
# Log file: D:/Documents/display_1/vivado.log
# Journal file: D:/Documents/display_1\vivado.jou
#-----------------------------------------------------------
start_gui
open_project D:/Documents/display_1/display_1.xpr
Scanning sources...
Finished scanning sources
INFO: [IP_Flow 19-234] Refreshing IP repositories
INFO: [IP_Flow 19-1704] No user IP repositories specified
INFO: [IP_Flow 19-2313] Loaded Vivado IP repository 'C:/APPZ/Xilinx/Vivado/2020.1/data/ip'.
open_project: Time (s): cpu = 00:00:10 ; elapsed = 00:00:05 . Memory (MB): peak = 1024.469 ; gain = 0.000
update_compile_order -fileset sources_1
launch_simulation
Command: launch_simulation 
boost::filesystem::remove: The process cannot access the file because it is being used by another process: "D:/Documents/display_1/display_1.sim/sim_1/behav/xsim/simulate.log"
synth_design -rtl -name rtl_1
Command: synth_design -rtl -name rtl_1
Starting synth_design
Using part: xc7a50ticsg324-1L
Top: hex_7seg
INFO: [Device 21-403] Loading part xc7a50ticsg324-1L
INFO: [Common 17-41] Interrupt caught. Command should exit soon.
INFO: [Common 17-344] 'source' was cancelled
3 Infos, 0 Warnings, 0 Critical Warnings and 0 Errors encountered.
synth_design completed successfully
synth_design: Time (s): cpu = 00:00:08 ; elapsed = 00:00:08 . Memory (MB): peak = 1336.559 ; gain = 312.090
INFO: [Common 17-344] 'synth_design' was cancelled
launch_simulation
Command: launch_simulation 
boost::filesystem::remove: The process cannot access the file because it is being used by another process: "D:/Documents/display_1/display_1.sim/sim_1/behav/xsim/simulate.log"
launch_simulation
Command: launch_simulation 
boost::filesystem::remove: The process cannot access the file because it is being used by another process: "D:/Documents/display_1/display_1.sim/sim_1/behav/xsim/simulate.log"
launch_simulation
Command: launch_simulation 
boost::filesystem::remove: The process cannot access the file because it is being used by another process: "D:/Documents/display_1/display_1.sim/sim_1/behav/xsim/simulate.log"
launch_simulation
Command: launch_simulation 
boost::filesystem::remove: The process cannot access the file because it is being used by another process: "D:/Documents/display_1/display_1.sim/sim_1/behav/xsim/simulate.log"
launch_simulation
Command: launch_simulation 
boost::filesystem::remove: The process cannot access the file because it is being used by another process: "D:/Documents/display_1/display_1.sim/sim_1/behav/xsim/simulate.log"
exit
INFO: [Common 17-206] Exiting Vivado at Wed Mar  9 13:40:01 2022...
